<?xml version="1.0" encoding="UTF-8"?>
<testsuite name="com.example.firstproject.repository.CommentRepositoryTest" tests="1" skipped="0" failures="0" errors="0" timestamp="2023-02-17T05:50:08" hostname="DESKTOP-6Q8UJH1" time="1.131">
  <properties/>
  <testcase name="특정 닉네임의 모든 댓글 조회" classname="com.example.firstproject.repository.CommentRepositoryTest" time="1.131"/>
  <system-out><![CDATA[14:49:44.780 [Test worker] DEBUG org.springframework.test.context.BootstrapUtils - Instantiating CacheAwareContextLoaderDelegate from class [org.springframework.test.context.cache.DefaultCacheAwareContextLoaderDelegate]
14:49:44.868 [Test worker] DEBUG org.springframework.test.context.BootstrapUtils - Instantiating BootstrapContext using constructor [public org.springframework.test.context.support.DefaultBootstrapContext(java.lang.Class,org.springframework.test.context.CacheAwareContextLoaderDelegate)]
14:49:45.116 [Test worker] DEBUG org.springframework.test.context.BootstrapUtils - Instantiating TestContextBootstrapper for test class [com.example.firstproject.repository.CommentRepositoryTest] from class [org.springframework.boot.test.autoconfigure.orm.jpa.DataJpaTestContextBootstrapper]
14:49:45.188 [Test worker] INFO org.springframework.boot.test.autoconfigure.orm.jpa.DataJpaTestContextBootstrapper - Neither @ContextConfiguration nor @ContextHierarchy found for test class [com.example.firstproject.repository.CommentRepositoryTest], using SpringBootContextLoader
14:49:45.215 [Test worker] DEBUG org.springframework.test.context.support.AbstractContextLoader - Did not detect default resource location for test class [com.example.firstproject.repository.CommentRepositoryTest]: class path resource [com/example/firstproject/repository/CommentRepositoryTest-context.xml] does not exist
14:49:45.219 [Test worker] DEBUG org.springframework.test.context.support.AbstractContextLoader - Did not detect default resource location for test class [com.example.firstproject.repository.CommentRepositoryTest]: class path resource [com/example/firstproject/repository/CommentRepositoryTestContext.groovy] does not exist
14:49:45.221 [Test worker] INFO org.springframework.test.context.support.AbstractContextLoader - Could not detect default resource locations for test class [com.example.firstproject.repository.CommentRepositoryTest]: no resource found for suffixes {-context.xml, Context.groovy}.
14:49:45.226 [Test worker] INFO org.springframework.test.context.support.AnnotationConfigContextLoaderUtils - Could not detect default configuration classes for test class [com.example.firstproject.repository.CommentRepositoryTest]: CommentRepositoryTest does not declare any static, non-private, non-final, nested classes annotated with @Configuration.
14:49:45.589 [Test worker] DEBUG org.springframework.test.context.support.ActiveProfilesUtils - Could not find an 'annotation declaring class' for annotation type [org.springframework.test.context.ActiveProfiles] and class [com.example.firstproject.repository.CommentRepositoryTest]
14:49:45.956 [Test worker] DEBUG org.springframework.context.annotation.ClassPathScanningCandidateComponentProvider - Identified candidate component class: file [C:\test\firstproject\build\classes\java\main\com\example\firstproject\FirstprojectApplication.class]
14:49:45.964 [Test worker] INFO org.springframework.boot.test.context.SpringBootTestContextBootstrapper - Found @SpringBootConfiguration com.example.firstproject.FirstprojectApplication for test class com.example.firstproject.repository.CommentRepositoryTest
14:49:46.045 [Test worker] DEBUG org.springframework.boot.test.autoconfigure.orm.jpa.DataJpaTestContextBootstrapper - @TestExecutionListeners is not present for class [com.example.firstproject.repository.CommentRepositoryTest]: using defaults.
14:49:46.050 [Test worker] INFO org.springframework.boot.test.autoconfigure.orm.jpa.DataJpaTestContextBootstrapper - Loaded default TestExecutionListener class names from location [META-INF/spring.factories]: [org.springframework.boot.test.autoconfigure.restdocs.RestDocsTestExecutionListener, org.springframework.boot.test.autoconfigure.web.client.MockRestServiceServerResetTestExecutionListener, org.springframework.boot.test.autoconfigure.web.servlet.MockMvcPrintOnlyOnFailureTestExecutionListener, org.springframework.boot.test.autoconfigure.web.servlet.WebDriverTestExecutionListener, org.springframework.boot.test.autoconfigure.webservices.client.MockWebServiceServerTestExecutionListener, org.springframework.boot.test.mock.mockito.MockitoTestExecutionListener, org.springframework.boot.test.mock.mockito.ResetMocksTestExecutionListener, org.springframework.test.context.web.ServletTestExecutionListener, org.springframework.test.context.support.DirtiesContextBeforeModesTestExecutionListener, org.springframework.test.context.event.ApplicationEventsTestExecutionListener, org.springframework.test.context.support.DependencyInjectionTestExecutionListener, org.springframework.test.context.support.DirtiesContextTestExecutionListener, org.springframework.test.context.transaction.TransactionalTestExecutionListener, org.springframework.test.context.jdbc.SqlScriptsTestExecutionListener, org.springframework.test.context.event.EventPublishingTestExecutionListener]
14:49:46.223 [Test worker] INFO org.springframework.boot.test.autoconfigure.orm.jpa.DataJpaTestContextBootstrapper - Using TestExecutionListeners: [org.springframework.test.context.web.ServletTestExecutionListener@67427b69, org.springframework.test.context.support.DirtiesContextBeforeModesTestExecutionListener@78461bc4, org.springframework.test.context.event.ApplicationEventsTestExecutionListener@544630b7, org.springframework.boot.test.mock.mockito.MockitoTestExecutionListener@64f857e7, org.springframework.boot.test.autoconfigure.SpringBootDependencyInjectionTestExecutionListener@1095f122, org.springframework.test.context.support.DirtiesContextTestExecutionListener@58c540cf, org.springframework.test.context.transaction.TransactionalTestExecutionListener@3d6300e8, org.springframework.test.context.jdbc.SqlScriptsTestExecutionListener@1b822fcc, org.springframework.test.context.event.EventPublishingTestExecutionListener@24a1c17f, org.springframework.boot.test.autoconfigure.restdocs.RestDocsTestExecutionListener@56102e1c, org.springframework.boot.test.autoconfigure.web.client.MockRestServiceServerResetTestExecutionListener@73511076, org.springframework.boot.test.autoconfigure.web.servlet.MockMvcPrintOnlyOnFailureTestExecutionListener@7927bd9f, org.springframework.boot.test.autoconfigure.web.servlet.WebDriverTestExecutionListener@532721fd, org.springframework.boot.test.autoconfigure.webservices.client.MockWebServiceServerTestExecutionListener@410954b, org.springframework.boot.test.mock.mockito.ResetMocksTestExecutionListener@7fb9f71f]
14:49:46.248 [Test worker] DEBUG org.springframework.test.context.support.AbstractDirtiesContextTestExecutionListener - Before test class: context [DefaultTestContext@3670f00 testClass = CommentRepositoryTest, testInstance = [null], testMethod = [null], testException = [null], mergedContextConfiguration = [MergedContextConfiguration@452e26d0 testClass = CommentRepositoryTest, locations = '{}', classes = '{class com.example.firstproject.FirstprojectApplication}', contextInitializerClasses = '[]', activeProfiles = '{}', propertySourceLocations = '{}', propertySourceProperties = '{org.springframework.boot.test.autoconfigure.orm.jpa.DataJpaTestContextBootstrapper=true}', contextCustomizers = set[org.springframework.boot.test.autoconfigure.OverrideAutoConfigurationContextCustomizerFactory$DisableAutoConfigurationContextCustomizer@7bc10d84, org.springframework.boot.test.autoconfigure.actuate.metrics.MetricsExportContextCustomizerFactory$DisableMetricExportContextCustomizer@7e38a7fe, org.springframework.boot.test.autoconfigure.filter.TypeExcludeFiltersContextCustomizer@351584c0, org.springframework.boot.test.autoconfigure.properties.PropertyMappingContextCustomizer@6ad7377b, org.springframework.boot.test.autoconfigure.web.servlet.WebDriverContextCustomizerFactory$Customizer@69637b10, [ImportsContextCustomizer@46ab18da key = [org.springframework.boot.autoconfigure.cache.CacheAutoConfiguration, org.springframework.boot.autoconfigure.data.jpa.JpaRepositoriesAutoConfiguration, org.springframework.boot.autoconfigure.flyway.FlywayAutoConfiguration, org.springframework.boot.autoconfigure.jdbc.DataSourceAutoConfiguration, org.springframework.boot.autoconfigure.jdbc.DataSourceTransactionManagerAutoConfiguration, org.springframework.boot.autoconfigure.jdbc.JdbcTemplateAutoConfiguration, org.springframework.boot.autoconfigure.liquibase.LiquibaseAutoConfiguration, org.springframework.boot.autoconfigure.orm.jpa.HibernateJpaAutoConfiguration, org.springframework.boot.autoconfigure.sql.init.SqlInitializationAutoConfiguration, org.springframework.boot.autoconfigure.transaction.TransactionAutoConfiguration, org.springframework.boot.test.autoconfigure.jdbc.TestDatabaseAutoConfiguration, org.springframework.boot.test.autoconfigure.orm.jpa.TestEntityManagerAutoConfiguration]], org.springframework.boot.test.context.filter.ExcludeFilterContextCustomizer@482d776b, org.springframework.boot.test.json.DuplicateJsonObjectContextCustomizerFactory$DuplicateJsonObjectContextCustomizer@297ea53a, org.springframework.boot.test.mock.mockito.MockitoContextCustomizer@0, org.springframework.boot.test.context.SpringBootTestArgs@1, org.springframework.boot.test.context.SpringBootTestWebEnvironment@0], contextLoader = 'org.springframework.boot.test.context.SpringBootContextLoader', parent = [null]], attributes = map[[empty]]], class annotated with @DirtiesContext [false] with mode [null].
14:49:46.318 [Test worker] DEBUG org.springframework.test.context.support.DependencyInjectionTestExecutionListener - Performing dependency injection for test context [[DefaultTestContext@3670f00 testClass = CommentRepositoryTest, testInstance = com.example.firstproject.repository.CommentRepositoryTest@7fe083b1, testMethod = [null], testException = [null], mergedContextConfiguration = [MergedContextConfiguration@452e26d0 testClass = CommentRepositoryTest, locations = '{}', classes = '{class com.example.firstproject.FirstprojectApplication}', contextInitializerClasses = '[]', activeProfiles = '{}', propertySourceLocations = '{}', propertySourceProperties = '{org.springframework.boot.test.autoconfigure.orm.jpa.DataJpaTestContextBootstrapper=true}', contextCustomizers = set[org.springframework.boot.test.autoconfigure.OverrideAutoConfigurationContextCustomizerFactory$DisableAutoConfigurationContextCustomizer@7bc10d84, org.springframework.boot.test.autoconfigure.actuate.metrics.MetricsExportContextCustomizerFactory$DisableMetricExportContextCustomizer@7e38a7fe, org.springframework.boot.test.autoconfigure.filter.TypeExcludeFiltersContextCustomizer@351584c0, org.springframework.boot.test.autoconfigure.properties.PropertyMappingContextCustomizer@6ad7377b, org.springframework.boot.test.autoconfigure.web.servlet.WebDriverContextCustomizerFactory$Customizer@69637b10, [ImportsContextCustomizer@46ab18da key = [org.springframework.boot.autoconfigure.cache.CacheAutoConfiguration, org.springframework.boot.autoconfigure.data.jpa.JpaRepositoriesAutoConfiguration, org.springframework.boot.autoconfigure.flyway.FlywayAutoConfiguration, org.springframework.boot.autoconfigure.jdbc.DataSourceAutoConfiguration, org.springframework.boot.autoconfigure.jdbc.DataSourceTransactionManagerAutoConfiguration, org.springframework.boot.autoconfigure.jdbc.JdbcTemplateAutoConfiguration, org.springframework.boot.autoconfigure.liquibase.LiquibaseAutoConfiguration, org.springframework.boot.autoconfigure.orm.jpa.HibernateJpaAutoConfiguration, org.springframework.boot.autoconfigure.sql.init.SqlInitializationAutoConfiguration, org.springframework.boot.autoconfigure.transaction.TransactionAutoConfiguration, org.springframework.boot.test.autoconfigure.jdbc.TestDatabaseAutoConfiguration, org.springframework.boot.test.autoconfigure.orm.jpa.TestEntityManagerAutoConfiguration]], org.springframework.boot.test.context.filter.ExcludeFilterContextCustomizer@482d776b, org.springframework.boot.test.json.DuplicateJsonObjectContextCustomizerFactory$DuplicateJsonObjectContextCustomizer@297ea53a, org.springframework.boot.test.mock.mockito.MockitoContextCustomizer@0, org.springframework.boot.test.context.SpringBootTestArgs@1, org.springframework.boot.test.context.SpringBootTestWebEnvironment@0], contextLoader = 'org.springframework.boot.test.context.SpringBootContextLoader', parent = [null]], attributes = map['org.springframework.test.context.event.ApplicationEventsTestExecutionListener.recordApplicationEvents' -> false]]].

  .   ____          _            __ _ _
 /\\ / ___'_ __ _ _(_)_ __  __ _ \ \ \ \
( ( )\___ | '_ | '_| | '_ \/ _` | \ \ \ \
 \\/  ___)| |_)| | | | | || (_| |  ) ) ) )
  '  |____| .__|_| |_|_| |_\__, | / / / /
 =========|_|==============|___/=/_/_/_/
 :: Spring Boot ::                (v2.7.8)

2023-02-17 14:49:49.192  INFO 13768 --- [    Test worker] c.e.f.repository.CommentRepositoryTest   : Starting CommentRepositoryTest using Java 11.0.17 on DESKTOP-6Q8UJH1 with PID 13768 (started by elema in C:\test\firstproject)
2023-02-17 14:49:49.197  INFO 13768 --- [    Test worker] c.e.f.repository.CommentRepositoryTest   : No active profile set, falling back to 1 default profile: "default"
2023-02-17 14:49:51.595  INFO 13768 --- [    Test worker] .s.d.r.c.RepositoryConfigurationDelegate : Bootstrapping Spring Data JPA repositories in DEFAULT mode.
2023-02-17 14:49:51.946  INFO 13768 --- [    Test worker] .s.d.r.c.RepositoryConfigurationDelegate : Finished Spring Data repository scanning in 301 ms. Found 2 JPA repository interfaces.
2023-02-17 14:49:52.184  INFO 13768 --- [    Test worker] beddedDataSourceBeanFactoryPostProcessor : Replacing 'dataSource' DataSource bean with embedded version
2023-02-17 14:49:53.061  INFO 13768 --- [    Test worker] o.s.j.d.e.EmbeddedDatabaseFactory        : Starting embedded database: url='jdbc:h2:mem:0bfb3b24-0dff-49c8-9a31-db0c859dd063;DB_CLOSE_DELAY=-1;DB_CLOSE_ON_EXIT=false', username='sa'
2023-02-17 14:49:56.164  INFO 13768 --- [    Test worker] o.hibernate.jpa.internal.util.LogHelper  : HHH000204: Processing PersistenceUnitInfo [name: default]
2023-02-17 14:49:56.483  INFO 13768 --- [    Test worker] org.hibernate.Version                    : HHH000412: Hibernate ORM core version 5.6.14.Final
2023-02-17 14:49:57.754  INFO 13768 --- [    Test worker] o.hibernate.annotations.common.Version   : HCANN000001: Hibernate Commons Annotations {5.1.2.Final}
2023-02-17 14:50:01.559  INFO 13768 --- [    Test worker] org.hibernate.dialect.Dialect            : HHH000400: Using dialect: org.hibernate.dialect.H2Dialect
2023-02-17 14:50:05.140 DEBUG 13768 --- [    Test worker] org.hibernate.SQL                        : 
    
    drop table if exists article CASCADE 
Hibernate: 
    
    drop table if exists article CASCADE 
2023-02-17 14:50:05.159 DEBUG 13768 --- [    Test worker] org.hibernate.SQL                        : 
    
    drop table if exists comment CASCADE 
Hibernate: 
    
    drop table if exists comment CASCADE 
2023-02-17 14:50:05.172 DEBUG 13768 --- [    Test worker] org.hibernate.SQL                        : 
    
    create table article (
       id bigint generated by default as identity,
        content varchar(255),
        title varchar(255),
        primary key (id)
    )
Hibernate: 
    
    create table article (
       id bigint generated by default as identity,
        content varchar(255),
        title varchar(255),
        primary key (id)
    )
2023-02-17 14:50:05.218 DEBUG 13768 --- [    Test worker] org.hibernate.SQL                        : 
    
    create table comment (
       id bigint generated by default as identity,
        body varchar(255),
        nickname varchar(255),
        article_id bigint,
        primary key (id)
    )
Hibernate: 
    
    create table comment (
       id bigint generated by default as identity,
        body varchar(255),
        nickname varchar(255),
        article_id bigint,
        primary key (id)
    )
2023-02-17 14:50:05.225 DEBUG 13768 --- [    Test worker] org.hibernate.SQL                        : 
    
    alter table comment 
       add constraint FK5yx0uphgjc6ik6hb82kkw501y 
       foreign key (article_id) 
       references article
Hibernate: 
    
    alter table comment 
       add constraint FK5yx0uphgjc6ik6hb82kkw501y 
       foreign key (article_id) 
       references article
2023-02-17 14:50:05.299  INFO 13768 --- [    Test worker] o.h.e.t.j.p.i.JtaPlatformInitiator       : HHH000490: Using JtaPlatform implementation: [org.hibernate.engine.transaction.jta.platform.internal.NoJtaPlatform]
2023-02-17 14:50:05.434  INFO 13768 --- [    Test worker] j.LocalContainerEntityManagerFactoryBean : Initialized JPA EntityManagerFactory for persistence unit 'default'
2023-02-17 14:50:08.318  INFO 13768 --- [    Test worker] c.e.f.repository.CommentRepositoryTest   : Started CommentRepositoryTest in 21.819 seconds (JVM running for 31.297)
2023-02-17 14:50:08.424  INFO 13768 --- [    Test worker] o.s.t.c.transaction.TransactionContext   : Began transaction (1) for test context [DefaultTestContext@3670f00 testClass = CommentRepositoryTest, testInstance = com.example.firstproject.repository.CommentRepositoryTest@7fe083b1, testMethod = findByNickname@CommentRepositoryTest, testException = [null], mergedContextConfiguration = [MergedContextConfiguration@452e26d0 testClass = CommentRepositoryTest, locations = '{}', classes = '{class com.example.firstproject.FirstprojectApplication}', contextInitializerClasses = '[]', activeProfiles = '{}', propertySourceLocations = '{}', propertySourceProperties = '{org.springframework.boot.test.autoconfigure.orm.jpa.DataJpaTestContextBootstrapper=true}', contextCustomizers = set[org.springframework.boot.test.autoconfigure.OverrideAutoConfigurationContextCustomizerFactory$DisableAutoConfigurationContextCustomizer@7bc10d84, org.springframework.boot.test.autoconfigure.actuate.metrics.MetricsExportContextCustomizerFactory$DisableMetricExportContextCustomizer@7e38a7fe, org.springframework.boot.test.autoconfigure.filter.TypeExcludeFiltersContextCustomizer@351584c0, org.springframework.boot.test.autoconfigure.properties.PropertyMappingContextCustomizer@6ad7377b, org.springframework.boot.test.autoconfigure.web.servlet.WebDriverContextCustomizerFactory$Customizer@69637b10, [ImportsContextCustomizer@46ab18da key = [org.springframework.boot.autoconfigure.cache.CacheAutoConfiguration, org.springframework.boot.autoconfigure.data.jpa.JpaRepositoriesAutoConfiguration, org.springframework.boot.autoconfigure.flyway.FlywayAutoConfiguration, org.springframework.boot.autoconfigure.jdbc.DataSourceAutoConfiguration, org.springframework.boot.autoconfigure.jdbc.DataSourceTransactionManagerAutoConfiguration, org.springframework.boot.autoconfigure.jdbc.JdbcTemplateAutoConfiguration, org.springframework.boot.autoconfigure.liquibase.LiquibaseAutoConfiguration, org.springframework.boot.autoconfigure.orm.jpa.HibernateJpaAutoConfiguration, org.springframework.boot.autoconfigure.sql.init.SqlInitializationAutoConfiguration, org.springframework.boot.autoconfigure.transaction.TransactionAutoConfiguration, org.springframework.boot.test.autoconfigure.jdbc.TestDatabaseAutoConfiguration, org.springframework.boot.test.autoconfigure.orm.jpa.TestEntityManagerAutoConfiguration]], org.springframework.boot.test.context.filter.ExcludeFilterContextCustomizer@482d776b, org.springframework.boot.test.json.DuplicateJsonObjectContextCustomizerFactory$DuplicateJsonObjectContextCustomizer@297ea53a, org.springframework.boot.test.mock.mockito.MockitoContextCustomizer@0, org.springframework.boot.test.context.SpringBootTestArgs@1, org.springframework.boot.test.context.SpringBootTestWebEnvironment@0], contextLoader = 'org.springframework.boot.test.context.SpringBootContextLoader', parent = [null]], attributes = map['org.springframework.test.context.event.ApplicationEventsTestExecutionListener.recordApplicationEvents' -> false]]; transaction manager [org.springframework.orm.jpa.JpaTransactionManager@731d0d5c]; rollback [true]
2023-02-17 14:50:08.980 DEBUG 13768 --- [    Test worker] org.hibernate.SQL                        : 
    SELECT
        * 
    FROM
        comment 
    WHERE
        nickname = ?
Hibernate: 
    SELECT
        * 
    FROM
        comment 
    WHERE
        nickname = ?
2023-02-17 14:50:09.003 TRACE 13768 --- [    Test worker] o.h.type.descriptor.sql.BasicBinder      : binding parameter [1] as [VARCHAR] - [Park]
2023-02-17 14:50:09.086 DEBUG 13768 --- [    Test worker] org.hibernate.SQL                        : 
    select
        article0_.id as id1_0_0_,
        article0_.content as content2_0_0_,
        article0_.title as title3_0_0_ 
    from
        article article0_ 
    where
        article0_.id=?
Hibernate: 
    select
        article0_.id as id1_0_0_,
        article0_.content as content2_0_0_,
        article0_.title as title3_0_0_ 
    from
        article article0_ 
    where
        article0_.id=?
2023-02-17 14:50:09.091 TRACE 13768 --- [    Test worker] o.h.type.descriptor.sql.BasicBinder      : binding parameter [1] as [BIGINT] - [4]
2023-02-17 14:50:09.140 DEBUG 13768 --- [    Test worker] org.hibernate.SQL                        : 
    select
        article0_.id as id1_0_0_,
        article0_.content as content2_0_0_,
        article0_.title as title3_0_0_ 
    from
        article article0_ 
    where
        article0_.id=?
Hibernate: 
    select
        article0_.id as id1_0_0_,
        article0_.content as content2_0_0_,
        article0_.title as title3_0_0_ 
    from
        article article0_ 
    where
        article0_.id=?
2023-02-17 14:50:09.142 TRACE 13768 --- [    Test worker] o.h.type.descriptor.sql.BasicBinder      : binding parameter [1] as [BIGINT] - [5]
2023-02-17 14:50:09.144 DEBUG 13768 --- [    Test worker] org.hibernate.SQL                        : 
    select
        article0_.id as id1_0_0_,
        article0_.content as content2_0_0_,
        article0_.title as title3_0_0_ 
    from
        article article0_ 
    where
        article0_.id=?
Hibernate: 
    select
        article0_.id as id1_0_0_,
        article0_.content as content2_0_0_,
        article0_.title as title3_0_0_ 
    from
        article article0_ 
    where
        article0_.id=?
2023-02-17 14:50:09.147 TRACE 13768 --- [    Test worker] o.h.type.descriptor.sql.BasicBinder      : binding parameter [1] as [BIGINT] - [6]
2023-02-17 14:50:09.344 DEBUG 13768 --- [    Test worker] org.hibernate.SQL                        : 
    SELECT
        * 
    FROM
        comment 
    WHERE
        nickname = ?
Hibernate: 
    SELECT
        * 
    FROM
        comment 
    WHERE
        nickname = ?
2023-02-17 14:50:09.346 TRACE 13768 --- [    Test worker] o.h.type.descriptor.sql.BasicBinder      : binding parameter [1] as [VARCHAR] - [Kim]
2023-02-17 14:50:09.358 DEBUG 13768 --- [    Test worker] org.hibernate.SQL                        : 
    SELECT
        * 
    FROM
        comment 
    WHERE
        nickname = ?
Hibernate: 
    SELECT
        * 
    FROM
        comment 
    WHERE
        nickname = ?
2023-02-17 14:50:09.360 TRACE 13768 --- [    Test worker] o.h.type.descriptor.sql.BasicBinder      : binding parameter [1] as [VARCHAR] - [null]
2023-02-17 14:50:09.366 DEBUG 13768 --- [    Test worker] org.hibernate.SQL                        : 
    SELECT
        * 
    FROM
        comment 
    WHERE
        nickname = ?
Hibernate: 
    SELECT
        * 
    FROM
        comment 
    WHERE
        nickname = ?
2023-02-17 14:50:09.369 TRACE 13768 --- [    Test worker] o.h.type.descriptor.sql.BasicBinder      : binding parameter [1] as [VARCHAR] - []
2023-02-17 14:50:09.402 DEBUG 13768 --- [    Test worker] org.hibernate.SQL                        : 
    SELECT
        * 
    FROM
        comment 
    WHERE
        locate(?, nickname) > 0
Hibernate: 
    SELECT
        * 
    FROM
        comment 
    WHERE
        locate(?, nickname) > 0
2023-02-17 14:50:09.410 TRACE 13768 --- [    Test worker] o.h.type.descriptor.sql.BasicBinder      : binding parameter [1] as [VARCHAR] - [i]
2023-02-17 14:50:09.456  INFO 13768 --- [    Test worker] o.s.t.c.transaction.TransactionContext   : Rolled back transaction for test: [DefaultTestContext@3670f00 testClass = CommentRepositoryTest, testInstance = com.example.firstproject.repository.CommentRepositoryTest@7fe083b1, testMethod = findByNickname@CommentRepositoryTest, testException = [null], mergedContextConfiguration = [MergedContextConfiguration@452e26d0 testClass = CommentRepositoryTest, locations = '{}', classes = '{class com.example.firstproject.FirstprojectApplication}', contextInitializerClasses = '[]', activeProfiles = '{}', propertySourceLocations = '{}', propertySourceProperties = '{org.springframework.boot.test.autoconfigure.orm.jpa.DataJpaTestContextBootstrapper=true}', contextCustomizers = set[org.springframework.boot.test.autoconfigure.OverrideAutoConfigurationContextCustomizerFactory$DisableAutoConfigurationContextCustomizer@7bc10d84, org.springframework.boot.test.autoconfigure.actuate.metrics.MetricsExportContextCustomizerFactory$DisableMetricExportContextCustomizer@7e38a7fe, org.springframework.boot.test.autoconfigure.filter.TypeExcludeFiltersContextCustomizer@351584c0, org.springframework.boot.test.autoconfigure.properties.PropertyMappingContextCustomizer@6ad7377b, org.springframework.boot.test.autoconfigure.web.servlet.WebDriverContextCustomizerFactory$Customizer@69637b10, [ImportsContextCustomizer@46ab18da key = [org.springframework.boot.autoconfigure.cache.CacheAutoConfiguration, org.springframework.boot.autoconfigure.data.jpa.JpaRepositoriesAutoConfiguration, org.springframework.boot.autoconfigure.flyway.FlywayAutoConfiguration, org.springframework.boot.autoconfigure.jdbc.DataSourceAutoConfiguration, org.springframework.boot.autoconfigure.jdbc.DataSourceTransactionManagerAutoConfiguration, org.springframework.boot.autoconfigure.jdbc.JdbcTemplateAutoConfiguration, org.springframework.boot.autoconfigure.liquibase.LiquibaseAutoConfiguration, org.springframework.boot.autoconfigure.orm.jpa.HibernateJpaAutoConfiguration, org.springframework.boot.autoconfigure.sql.init.SqlInitializationAutoConfiguration, org.springframework.boot.autoconfigure.transaction.TransactionAutoConfiguration, org.springframework.boot.test.autoconfigure.jdbc.TestDatabaseAutoConfiguration, org.springframework.boot.test.autoconfigure.orm.jpa.TestEntityManagerAutoConfiguration]], org.springframework.boot.test.context.filter.ExcludeFilterContextCustomizer@482d776b, org.springframework.boot.test.json.DuplicateJsonObjectContextCustomizerFactory$DuplicateJsonObjectContextCustomizer@297ea53a, org.springframework.boot.test.mock.mockito.MockitoContextCustomizer@0, org.springframework.boot.test.context.SpringBootTestArgs@1, org.springframework.boot.test.context.SpringBootTestWebEnvironment@0], contextLoader = 'org.springframework.boot.test.context.SpringBootContextLoader', parent = [null]], attributes = map['org.springframework.test.context.event.ApplicationEventsTestExecutionListener.recordApplicationEvents' -> false]]
]]></system-out>
  <system-err><![CDATA[]]></system-err>
</testsuite>
